<?xml version="1.0" encoding="UTF-8"?>
<testsuite xmlns:xsi="http://www.w3.org/2001/XMLSchema-instance" xsi:schemaLocation="https://maven.apache.org/surefire/maven-surefire-plugin/xsd/surefire-test-report.xsd" name="Steps.RunnerTest" time="273.985" tests="24" errors="2" skipped="2" failures="0">
  <properties>
[...]
</properties>
  <testcase name="Given I am on the Home Page" classname="Scenario: As a user I want to reset my Password" time="0"/>
  <testcase name="And I see a Logo Banner" classname="Scenario: As a user I want to reset my Password" time="0"/>
  <testcase name="When I click SignIn Button" classname="Scenario: As a user I want to reset my Password" time="0"/>
  <testcase name="And I click forgot password Link" classname="Scenario: As a user I want to reset my Password" time="0.081">
    <error message="no such element: Unable to locate element: {&quot;method&quot;:&quot;partial link text&quot;,&quot;selector&quot;:&quot;Forgot your password?&quot;}&#10;  (Session info: chrome=62.0.3202.94)&#10;  (Driver info: chromedriver=2.25.426923 (0390b88869384d6eb0d5d09729679f934aab9eed),platform=Windows NT 6.1.7601 SP1 x86_64) (WARNING: The server did not provide any stacktrace information)&#10;Command duration or timeout: 445 milliseconds&#10;For documentation on this error, please visit: http://seleniumhq.org/exceptions/no_such_element.html&#10;Build info: version: &apos;3.0.1&apos;, revision: &apos;1969d75&apos;, time: &apos;2016-10-18 09:49:13 -0700&apos;&#10;System info: host: &apos;Ben-PC&apos;, ip: &apos;192.168.1.64&apos;, os.name: &apos;Windows 7&apos;, os.arch: &apos;amd64&apos;, os.version: &apos;6.1&apos;, java.version: &apos;1.8.0_144&apos;&#10;Driver info: org.openqa.selenium.chrome.ChromeDriver&#10;Capabilities [{applicationCacheEnabled=false, rotatable=false, mobileEmulationEnabled=false, networkConnectionEnabled=false, chrome={chromedriverVersion=2.25.426923 (0390b88869384d6eb0d5d09729679f934aab9eed), userDataDir=C:\Users\ben\AppData\Local\Temp\scoped_dir928_23449}, takesHeapSnapshot=true, pageLoadStrategy=normal, databaseEnabled=false, handlesAlerts=true, hasTouchScreen=false, version=62.0.3202.94, platform=XP, browserConnectionEnabled=false, nativeEvents=true, acceptSslCerts=true, locationContextEnabled=true, webStorageEnabled=true, browserName=chrome, takesScreenshot=true, javascriptEnabled=true, cssSelectorsEnabled=true}]&#10;Session ID: 77dee8f2436e732793ab380a7dfc2668&#10;*** Element info: {Using=partial link text, value=Forgot your password?}" type="org.openqa.selenium.NoSuchElementException">org.openqa.selenium.NoSuchElementException: 
no such element: Unable to locate element: {"method":"partial link text","selector":"Forgot your password?"}
  (Session info: chrome=62.0.3202.94)
  (Driver info: chromedriver=2.25.426923 (0390b88869384d6eb0d5d09729679f934aab9eed),platform=Windows NT 6.1.7601 SP1 x86_64) (WARNING: The server did not provide any stacktrace information)
Command duration or timeout: 445 milliseconds
For documentation on this error, please visit: http://seleniumhq.org/exceptions/no_such_element.html
Build info: version: '3.0.1', revision: '1969d75', time: '2016-10-18 09:49:13 -0700'
System info: host: 'Ben-PC', ip: '192.168.1.64', os.name: 'Windows 7', os.arch: 'amd64', os.version: '6.1', java.version: '1.8.0_144'
Driver info: org.openqa.selenium.chrome.ChromeDriver
Capabilities [{applicationCacheEnabled=false, rotatable=false, mobileEmulationEnabled=false, networkConnectionEnabled=false, chrome={chromedriverVersion=2.25.426923 (0390b88869384d6eb0d5d09729679f934aab9eed), userDataDir=C:\Users\ben\AppData\Local\Temp\scoped_dir928_23449}, takesHeapSnapshot=true, pageLoadStrategy=normal, databaseEnabled=false, handlesAlerts=true, hasTouchScreen=false, version=62.0.3202.94, platform=XP, browserConnectionEnabled=false, nativeEvents=true, acceptSslCerts=true, locationContextEnabled=true, webStorageEnabled=true, browserName=chrome, takesScreenshot=true, javascriptEnabled=true, cssSelectorsEnabled=true}]
Session ID: 77dee8f2436e732793ab380a7dfc2668
*** Element info: {Using=partial link text, value=Forgot your password?}
</error>
  </testcase>
  <testcase name="Scenario: As a user I want to reset my Password" classname="Scenario: As a user I want to reset my Password" time="0.081">
    <error message="no such element: Unable to locate element: {&quot;method&quot;:&quot;partial link text&quot;,&quot;selector&quot;:&quot;Forgot your password?&quot;}&#10;  (Session info: chrome=62.0.3202.94)&#10;  (Driver info: chromedriver=2.25.426923 (0390b88869384d6eb0d5d09729679f934aab9eed),platform=Windows NT 6.1.7601 SP1 x86_64) (WARNING: The server did not provide any stacktrace information)&#10;Command duration or timeout: 445 milliseconds&#10;For documentation on this error, please visit: http://seleniumhq.org/exceptions/no_such_element.html&#10;Build info: version: &apos;3.0.1&apos;, revision: &apos;1969d75&apos;, time: &apos;2016-10-18 09:49:13 -0700&apos;&#10;System info: host: &apos;Ben-PC&apos;, ip: &apos;192.168.1.64&apos;, os.name: &apos;Windows 7&apos;, os.arch: &apos;amd64&apos;, os.version: &apos;6.1&apos;, java.version: &apos;1.8.0_144&apos;&#10;Driver info: org.openqa.selenium.chrome.ChromeDriver&#10;Capabilities [{applicationCacheEnabled=false, rotatable=false, mobileEmulationEnabled=false, networkConnectionEnabled=false, chrome={chromedriverVersion=2.25.426923 (0390b88869384d6eb0d5d09729679f934aab9eed), userDataDir=C:\Users\ben\AppData\Local\Temp\scoped_dir928_23449}, takesHeapSnapshot=true, pageLoadStrategy=normal, databaseEnabled=false, handlesAlerts=true, hasTouchScreen=false, version=62.0.3202.94, platform=XP, browserConnectionEnabled=false, nativeEvents=true, acceptSslCerts=true, locationContextEnabled=true, webStorageEnabled=true, browserName=chrome, takesScreenshot=true, javascriptEnabled=true, cssSelectorsEnabled=true}]&#10;Session ID: 77dee8f2436e732793ab380a7dfc2668&#10;*** Element info: {Using=partial link text, value=Forgot your password?}" type="org.openqa.selenium.NoSuchElementException">org.openqa.selenium.NoSuchElementException: 
no such element: Unable to locate element: {"method":"partial link text","selector":"Forgot your password?"}
  (Session info: chrome=62.0.3202.94)
  (Driver info: chromedriver=2.25.426923 (0390b88869384d6eb0d5d09729679f934aab9eed),platform=Windows NT 6.1.7601 SP1 x86_64) (WARNING: The server did not provide any stacktrace information)
Command duration or timeout: 445 milliseconds
For documentation on this error, please visit: http://seleniumhq.org/exceptions/no_such_element.html
Build info: version: '3.0.1', revision: '1969d75', time: '2016-10-18 09:49:13 -0700'
System info: host: 'Ben-PC', ip: '192.168.1.64', os.name: 'Windows 7', os.arch: 'amd64', os.version: '6.1', java.version: '1.8.0_144'
Driver info: org.openqa.selenium.chrome.ChromeDriver
Capabilities [{applicationCacheEnabled=false, rotatable=false, mobileEmulationEnabled=false, networkConnectionEnabled=false, chrome={chromedriverVersion=2.25.426923 (0390b88869384d6eb0d5d09729679f934aab9eed), userDataDir=C:\Users\ben\AppData\Local\Temp\scoped_dir928_23449}, takesHeapSnapshot=true, pageLoadStrategy=normal, databaseEnabled=false, handlesAlerts=true, hasTouchScreen=false, version=62.0.3202.94, platform=XP, browserConnectionEnabled=false, nativeEvents=true, acceptSslCerts=true, locationContextEnabled=true, webStorageEnabled=true, browserName=chrome, takesScreenshot=true, javascriptEnabled=true, cssSelectorsEnabled=true}]
Session ID: 77dee8f2436e732793ab380a7dfc2668
*** Element info: {Using=partial link text, value=Forgot your password?}
</error>
  </testcase>
  <testcase name="And I enter user email &quot;bennaroh@gmail.com&quot; details" classname="Scenario: As a user I want to reset my Password" time="0">
    <skipped/>
  </testcase>
  <testcase name="When I click retrieve password button" classname="Scenario: As a user I want to reset my Password" time="0">
    <skipped/>
  </testcase>
  <testcase name="Given I am on the Home Page" classname="| bennaroh@gmail.com |  | Password is required |" time="0"/>
  <testcase name="And I see a Logo Banner" classname="| bennaroh@gmail.com |  | Password is required |" time="0.016"/>
  <testcase name="When I click SignIn Button" classname="| bennaroh@gmail.com |  | Password is required |" time="0"/>
  <testcase name="And I enter user email &quot;bennaroh@gmail.com&quot; details" classname="| bennaroh@gmail.com |  | Password is required |" time="0"/>
  <testcase name="And I enter user password &quot;&quot; details" classname="| bennaroh@gmail.com |  | Password is required |" time="0"/>
  <testcase name="And I click the Login Button" classname="| bennaroh@gmail.com |  | Password is required |" time="0"/>
  <testcase name="Then I see an error &quot;Password is required&quot; message details" classname="| bennaroh@gmail.com |  | Password is required |" time="0"/>
  <testcase name="| bennaroh@gmail.com |  | Password is required |" classname="| bennaroh@gmail.com |  | Password is required |" time="0.001"/>
  <testcase name="Given I am on the Home Page" classname="| bennaroh@gmail.com | benedith12 |" time="0"/>
  <testcase name="And I see a Logo Banner" classname="| bennaroh@gmail.com | benedith12 |" time="0"/>
  <testcase name="When I click SignIn Button" classname="| bennaroh@gmail.com | benedith12 |" time="0"/>
  <testcase name="And I enter user email &quot;bennaroh@gmail.com&quot; details" classname="| bennaroh@gmail.com | benedith12 |" time="0"/>
  <testcase name="And I enter user password &quot;benedith12&quot; details" classname="| bennaroh@gmail.com | benedith12 |" time="0"/>
  <testcase name="And I click the Login Button" classname="| bennaroh@gmail.com | benedith12 |" time="0"/>
  <testcase name="Then I should be logged in successfully" classname="| bennaroh@gmail.com | benedith12 |" time="0"/>
  <testcase name="And I sign out" classname="| bennaroh@gmail.com | benedith12 |" time="0"/>
  <testcase name="| bennaroh@gmail.com | benedith12 |" classname="| bennaroh@gmail.com | benedith12 |" time="0"/>
</testsuite>